<?xml version="1.0" encoding="UTF-8"?>
<!-- Generated by org.testng.reporters.JUnitReportReporter -->
<testsuite hostname="LAPTOP-R92NJ77V" failures="0" tests="1" name="mavenPackage.Access_FaceBook" time="7.223" errors="0" timestamp="2022-10-30T07:14:58 IST" skipped="0">
  <testcase classname="mavenPackage.Access_FaceBook" name="mOne" time="7.223"/>
  <system-out/>
</testsuite> <!-- mavenPackage.Access_FaceBook -->
