<?xml version="1.0" encoding="UTF-8"?>
<!-- Generated by org.testng.reporters.JUnitReportReporter -->
<testsuite hostname="LAPTOP-R92NJ77V" failures="0" tests="1" name="mavenPackage.Access_FaceBookTest" time="27.321" errors="0" timestamp="2022-10-30T10:38:22 IST" skipped="0">
  <testcase classname="mavenPackage.Access_FaceBookTest" name="mOne" time="27.321"/>
  <system-out/>
</testsuite> <!-- mavenPackage.Access_FaceBookTest -->
