<?xml version="1.0" encoding="UTF-8"?>
<!-- Generated by org.testng.reporters.JUnitReportReporter -->
<testsuite hostname="LAPTOP-R92NJ77V" failures="0" tests="1" name="mavenPackage.Access_FaceBookTest" time="25.276" errors="0" timestamp="2022-10-30T13:05:40 IST" skipped="0">
  <testcase classname="mavenPackage.Access_FaceBookTest" name="mOne" time="25.276"/>
  <system-out/>
</testsuite> <!-- mavenPackage.Access_FaceBookTest -->
