<?xml version="1.0" encoding="UTF-8"?>
<!-- Generated by org.testng.reporters.JUnitReportReporter -->
<testsuite hostname="LAPTOP-R92NJ77V" failures="0" tests="1" name="mavenPackage.Access_GoogleTest" time="37.059" errors="0" timestamp="2022-10-30T10:38:22 IST" skipped="0">
  <testcase classname="mavenPackage.Access_GoogleTest" name="mOne" time="37.059"/>
  <system-out/>
</testsuite> <!-- mavenPackage.Access_GoogleTest -->
