<?xml version="1.0" encoding="UTF-8"?>
<!-- Generated by org.testng.reporters.JUnitReportReporter -->
<testsuite hostname="LAPTOP-R92NJ77V" failures="0" tests="1" name="mavenPackage.Access_GoogleTest" time="14.559" errors="0" timestamp="2022-10-30T13:05:40 IST" skipped="0">
  <testcase classname="mavenPackage.Access_GoogleTest" name="mOne" time="14.559"/>
  <system-out/>
</testsuite> <!-- mavenPackage.Access_GoogleTest -->
